2018-02-10 09:52:14 Rozpoczecie pobierania pliku: https://cytaty.eu/img/sda/posters/
2018-02-10 09:52:16 Rozpoczecie pobierania pliku: https://cytaty.eu/img/sda/posters/1.jpg
2018-02-10 09:52:17 Zakonczenie pobierania pliku: posters/piraci-z-karaibow.jpg
2018-02-10 09:52:17 Rozpoczecie pobierania pliku: https://cytaty.eu/img/sda/posters/10.jpg
2018-02-10 09:52:19 Zakonczenie pobierania pliku: posters/the-founder.jpg
2018-02-10 09:52:19 Rozpoczecie pobierania pliku: https://cytaty.eu/img/sda/posters/11.jpg
2018-02-10 09:52:21 Zakonczenie pobierania pliku: posters/kapitan-ameryka-civil-war.jpg
2018-02-10 09:52:21 Rozpoczecie pobierania pliku: https://cytaty.eu/img/sda/posters/12.jpg
2018-02-10 09:52:26 Zakonczenie pobierania pliku: posters/spectre.jpg
2018-02-10 09:52:26 Rozpoczecie pobierania pliku: https://cytaty.eu/img/sda/posters/2.jpg
2018-02-10 09:52:27 Zakonczenie pobierania pliku: posters/ring.jpg
2018-02-10 09:52:27 Rozpoczecie pobierania pliku: https://cytaty.eu/img/sda/posters/3.jpg
2018-02-10 09:52:42 Zakonczenie pobierania pliku: posters/blade-runner-2049.jpg
2018-02-10 09:52:42 Rozpoczecie pobierania pliku: https://cytaty.eu/img/sda/posters/4.jpg
2018-02-10 09:52:49 Zakonczenie pobierania pliku: posters/thor.jpg
2018-02-10 09:52:49 Rozpoczecie pobierania pliku: https://cytaty.eu/img/sda/posters/5.jpg
2018-02-10 09:52:54 Zakonczenie pobierania pliku: posters/get-out.jpg
2018-02-10 09:52:54 Rozpoczecie pobierania pliku: https://cytaty.eu/img/sda/posters/6.jpg
2018-02-10 09:53:07 Zakonczenie pobierania pliku: posters/star-wars-last-jedi.jpg
2018-02-10 09:53:07 Rozpoczecie pobierania pliku: https://cytaty.eu/img/sda/posters/8.jpg
2018-02-10 09:53:09 Zakonczenie pobierania pliku: posters/london.jpg
2018-02-10 09:53:09 Rozpoczecie pobierania pliku: https://cytaty.eu/img/sda/posters/9.jpg
2018-02-10 09:53:10 Zakonczenie pobierania pliku: posters/tarzan.jpg
2018-02-10 09:53:10 Rozpoczecie pobierania pliku: https://cytaty.eu/img/sda/shots/
2018-02-10 09:53:10 Rozpoczecie pobierania pliku: https://cytaty.eu/img/sda/shots/1.jpg
2018-02-10 09:53:12 Zakonczenie pobierania pliku: shots/piraci-z-karaibow.jpg
2018-02-10 09:53:12 Rozpoczecie pobierania pliku: https://cytaty.eu/img/sda/shots/10.jpg
2018-02-10 09:53:13 Zakonczenie pobierania pliku: shots/the-founder.jpg
2018-02-10 09:53:13 Rozpoczecie pobierania pliku: https://cytaty.eu/img/sda/shots/11.jpg
2018-02-10 09:53:17 Zakonczenie pobierania pliku: shots/kapitan-ameryka-civil-war.jpg
2018-02-10 09:53:17 Rozpoczecie pobierania pliku: https://cytaty.eu/img/sda/shots/12.jpg
2018-02-10 09:53:17 Zakonczenie pobierania pliku: shots/spectre.jpg
2018-02-10 09:53:17 Rozpoczecie pobierania pliku: https://cytaty.eu/img/sda/shots/2.jpg
2018-02-10 09:53:18 Zakonczenie pobierania pliku: shots/ring.jpg
2018-02-10 09:53:18 Rozpoczecie pobierania pliku: https://cytaty.eu/img/sda/shots/3.jpg
2018-02-10 09:53:19 Zakonczenie pobierania pliku: shots/blade-runner-2049.jpg
2018-02-10 09:53:19 Rozpoczecie pobierania pliku: https://cytaty.eu/img/sda/shots/4.jpg
2018-02-10 09:53:27 Zakonczenie pobierania pliku: shots/thor.jpg
2018-02-10 09:53:27 Rozpoczecie pobierania pliku: https://cytaty.eu/img/sda/shots/5.jpg
2018-02-10 09:53:30 Zakonczenie pobierania pliku: shots/get-out.jpg
2018-02-10 09:53:30 Rozpoczecie pobierania pliku: https://cytaty.eu/img/sda/shots/6.jpg
2018-02-10 09:54:05 Zakonczenie pobierania pliku: shots/star-wars-last-jedi.jpg
2018-02-10 09:54:05 Rozpoczecie pobierania pliku: https://cytaty.eu/img/sda/shots/7.jpg
2018-02-10 09:54:07 Zakonczenie pobierania pliku: shots/okja.jpg
2018-02-10 09:54:07 Rozpoczecie pobierania pliku: https://cytaty.eu/img/sda/shots/8.jpg
2018-02-10 09:54:07 Zakonczenie pobierania pliku: shots/london.jpg
2018-02-10 09:54:07 Rozpoczecie pobierania pliku: https://cytaty.eu/img/sda/shots/9.jpg
2018-02-10 09:54:08 Zakonczenie pobierania pliku: shots/tarzan.jpg
